CREATE FUNCTION
 actor_id 
----------
       29
       34
       49
       65
       71
       76
      125
      132
      144
      146
      165
      173
      190
(13 rows)

 actor_id 
----------
        6
       19
       36
       75
       83
      152
      193
      196
(8 rows)

 actor_id 
----------
       10
       15
       24
       52
       58
       61
       63
       77
       89
       91
       98
      111
      118
      128
      141
      160
      163
      189
(18 rows)

 actor_id 
----------
       18
       56
       59
       95
      116
      129
      182
(7 rows)

 actor_id 
----------
        3
       22
       93
      136
      139
      148
      179
(7 rows)

 actor_id 
----------
       16
       48
       55
      126
      147
      156
(6 rows)

 actor_id 
----------
        7
       39
       51
       73
       78
       86
       96
      106
      107
      130
      134
      151
      157
      172
      177
      191
(16 rows)

 actor_id 
----------
       17
       60
      115
      161
      164
      184
(6 rows)

 actor_id 
----------
      155
(1 row)

 actor_id 
----------
        4
        5
        9
       27
       35
       40
       41
       47
       57
       62
       67
       84
       99
      123
      131
      142
      150
      176
      180
      186
      192
      195
      199
(23 rows)

 actor_id 
----------
       12
       21
       25
       43
       69
       88
       92
       94
      127
      145
      169
(11 rows)

 actor_id 
----------
       20
      121
      138
      159
      167
      178
(6 rows)

 actor_id 
----------
        8
       33
       53
       66
       70
       74
       79
       85
       97
      103
      113
      114
      137
      153
      154
      170
      174
      181
      185
      194
      198
(21 rows)

 actor_id 
----------
       33
       70
       74
       85
      153
      174
      185
(7 rows)

 actor_id 
----------
        2
       44
       50
      166
(4 rows)

 actor_id 
----------
      162
      171
(2 rows)

 actor_id 
----------
        1
       46
       54
      104
      120
(5 rows)

 actor_id 
----------
(0 rows)

 actor_id 
----------
       26
       45
       64
       68
       80
      112
      117
      133
      135
      143
      149
      183
      187
      188
      197
(15 rows)

 actor_id 
----------
       23
       30
       31
       72
       81
       87
       90
      100
      101
      105
      109
      110
      122
      124
(14 rows)

 actor_id 
----------
       32
       38
       42
      200
(4 rows)

 actor_id 
----------
       13
(1 row)

 actor_id 
----------
       14
       37
      158
(3 rows)

 actor_id 
----------
       28
       82
      102
      108
      119
      140
      168
      175
(8 rows)

 actor_id 
----------
(0 rows)

 actor_id 
----------
(0 rows)

 actor_id 
----------
       11
(1 row)
